<?xml version="1.0" encoding="UTF-8"?>
<!-- Generated by org.testng.reporters.JUnitXMLReporter -->
<testsuite ignored="0" hostname="LAPTOP-U35LVRD0" failures="2" tests="2" name="Nopackage" time="1.176" errors="0" timestamp="2020-11-21T17:14:19 EST">
  <testcase classname="cucumber.api.testng.AbstractTestNGCucumberTests" name="feature" time="0.681">
    <failure type="cucumber.runtime.CucumberException" message="java.lang.IllegalStateException: The driver executable does not exist: C:\Driver\chromedriver.exe">
      <![CDATA[cucumber.runtime.CucumberException: java.lang.IllegalStateException: The driver executable does not exist: C:\Driver\chromedriver.exe
at cucumber.api.testng.TestNGCucumberRunner.runCucumber(TestNGCucumberRunner.java:69)
at cucumber.api.testng.AbstractTestNGCucumberTests.feature(AbstractTestNGCucumberTests.java:21)
at java.base/java.util.ArrayList.forEach(ArrayList.java:1511)
Caused by: java.lang.IllegalStateException: The driver executable does not exist: C:\Driver\chromedriver.exe
at com.google.common.base.Preconditions.checkState(Preconditions.java:585)
at org.openqa.selenium.remote.service.DriverService.checkExecutable(DriverService.java:136)
at org.openqa.selenium.remote.service.DriverService.findExecutable(DriverService.java:131)
at org.openqa.selenium.chrome.ChromeDriverService.access$000(ChromeDriverService.java:32)
at org.openqa.selenium.chrome.ChromeDriverService$Builder.findDefaultExecutable(ChromeDriverService.java:137)
at org.openqa.selenium.remote.service.DriverService$Builder.build(DriverService.java:339)
at org.openqa.selenium.chrome.ChromeDriverService.createDefaultService(ChromeDriverService.java:88)
at org.openqa.selenium.chrome.ChromeDriver.<init>(ChromeDriver.java:123)
at zoopla.uk.baseclass.SuperClass.initialization(SuperClass.java:47)
at zoopla.uk.stefdefination.LoginStefDefination.as_a_user_able_to_open_any_browser(LoginStefDefination.java:20)
at ✽.Given As a user able to open any browser(LoginTestCases.feature:5)
... Removed 27 stack frames]]>
    </failure>
  </testcase> <!-- feature -->
  <testcase classname="cucumber.api.testng.AbstractTestNGCucumberTests" name="feature" time="0.057">
    <failure type="cucumber.runtime.CucumberException" message="java.lang.IllegalStateException: The driver executable does not exist: C:\Driver\chromedriver.exe">
      <![CDATA[cucumber.runtime.CucumberException: java.lang.IllegalStateException: The driver executable does not exist: C:\Driver\chromedriver.exe
at cucumber.api.testng.TestNGCucumberRunner.runCucumber(TestNGCucumberRunner.java:69)
at cucumber.api.testng.AbstractTestNGCucumberTests.feature(AbstractTestNGCucumberTests.java:21)
at java.base/java.util.ArrayList.forEach(ArrayList.java:1511)
Caused by: java.lang.IllegalStateException: The driver executable does not exist: C:\Driver\chromedriver.exe
at com.google.common.base.Preconditions.checkState(Preconditions.java:585)
at org.openqa.selenium.remote.service.DriverService.checkExecutable(DriverService.java:136)
at org.openqa.selenium.remote.service.DriverService.findExecutable(DriverService.java:131)
at org.openqa.selenium.chrome.ChromeDriverService.access$000(ChromeDriverService.java:32)
at org.openqa.selenium.chrome.ChromeDriverService$Builder.findDefaultExecutable(ChromeDriverService.java:137)
at org.openqa.selenium.remote.service.DriverService$Builder.build(DriverService.java:339)
at org.openqa.selenium.chrome.ChromeDriverService.createDefaultService(ChromeDriverService.java:88)
at org.openqa.selenium.chrome.ChromeDriver.<init>(ChromeDriver.java:123)
at zoopla.uk.baseclass.SuperClass.initialization(SuperClass.java:47)
at zoopla.uk.stefdefination.OutlineTestStepDef.as_a_user_i_can_open_any_browser(OutlineTestStepDef.java:18)
at ✽.Given As a user i can open any browser(ScenarioOutlineTest.feature:4)
... Removed 27 stack frames]]>
    </failure>
  </testcase> <!-- feature -->
</testsuite> <!-- Nopackage -->
